android/app/build/outputs/mapping/release/mapping.txt
# compiler: R8
# compiler_version: 1.5.68
# min_api: 21
# pg_map_id: d0388c0
com.helloworld.MainActivity -> com.helloworld.MainActivity:
    java.lang.String getMainComponentName() -> n
com.helloworld.MainApplication -> com.helloworld.MainApplication:
    com.facebook.react.ReactNativeHost mReactNativeHost -> b
    com.facebook.react.ReactNativeHost getReactNativeHost() -> a
    void initializeFlipper(android.content.Context,com.facebook.react.ReactInstanceManager) -> a
com.helloworld.MainApplication$1 -> com.helloworld.MainApplication$a:
    java.lang.String getJSMainModuleName() -> e
    java.util.List getPackages() -> g
    boolean getUseDeveloperSupport() -> k
...
com.facebook.common.disk.DiskTrimmableRegistry -> c.a.d.a.b:
    void registerDiskTrimmable(com.facebook.common.disk.DiskTrimmable) -> a
com.facebook.common.disk.NoOpDiskTrimmableRegistry -> c.a.d.a.c:
    com.facebook.common.disk.NoOpDiskTrimmableRegistry sInstance -> a
    com.facebook.common.disk.NoOpDiskTrimmableRegistry getInstance() -> a
    void registerDiskTrimmable(com.facebook.common.disk.DiskTrimmable) -> a
com.facebook.common.executors.CallerThreadExecutor -> c.a.d.b.a:
    com.facebook.common.executors.CallerThreadExecutor sInstance -> a
    com.facebook.common.executors.CallerThreadExecutor getInstance() -> a
com.facebook.common.executors.HandlerExecutorService -> c.a.d.b.b:
com.facebook.common.executors.HandlerExecutorServiceImpl -> c.a.d.b.c:
    android.os.Handler mHandler -> a
    boolean isHandlerThread() -> a
com.facebook.common.executors.ScheduledFutureImpl -> c.a.d.b.d:
    java.util.concurrent.FutureTask mListenableFuture -> b
    int compareTo(java.util.concurrent.Delayed) -> a
com.facebook.common.executors.StatefulRunnable -> c.a.d.b.e:
    java.util.concurrent.atomic.AtomicInteger mState -> b
    void cancel() -> a
    void disposeResult(java.lang.Object) -> a
    void onFailure(java.lang.Exception) -> a
    java.lang.Object getResult() -> b
    void onSuccess(java.lang.Object) -> b
    void onCancellation() -> c
com.facebook.common.executors.UiThreadImmediateExecutorService -> c.a.d.b.f:
    com.facebook.common.executors.UiThreadImmediateExecutorService sInstance -> b
    com.facebook.common.executors.UiThreadImmediateExecutorService getInstance() -> b
com.facebook.common.file.FileTree -> c.a.d.c.a:
    boolean deleteContents(java.io.File) -> a
    void walkFileTree(java.io.File,com.facebook.common.file.FileTreeVisitor) -> a
    boolean deleteRecursively(java.io.File) -> b
com.facebook.common.file.FileTreeVisitor -> c.a.d.c.b:
    void preVisitDirectory(java.io.File) -> a
    void postVisitDirectory(java.io.File) -> b
    void visitFile(java.io.File) -> c
com.facebook.common.file.FileUtils -> c.a.d.c.c:
    void mkdirs(java.io.File) -> a
    void rename(java.io.File,java.io.File) -> a
com.facebook.common.file.FileUtils$CreateDirectoryException -> c.a.d.c.c$a:
com.facebook.common.file.FileUtils$FileDeleteException -> c.a.d.c.c$b:
com.facebook.common.file.FileUtils$ParentDirNotFoundException -> c.a.d.c.c$c:
com.facebook.common.file.FileUtils$RenameException -> c.a.d.c.c$d:
com.facebook.common.internal.ByteStreams -> c.a.d.d.a:
    long copy(java.io.InputStream,java.io.OutputStream) -> a
    int read(java.io.InputStream,byte[],int,int) -> a
com.facebook.common.internal.Closeables -> c.a.d.d.b:
    java.util.logging.Logger logger -> a
    void close(java.io.Closeable,boolean) -> a
    void closeQuietly(java.io.InputStream) -> a
com.facebook.common.internal.CountingOutputStream -> c.a.d.d.c:
    long mCount -> b
    long getCount() -> m
com.facebook.common.internal.DoNotStrip -> c.a.d.d.d:
com.facebook.common.internal.ImmutableList -> c.a.d.d.e:
    com.facebook.common.internal.ImmutableList of(java.lang.Object[]) -> a
com.facebook.common.internal.ImmutableMap -> c.a.d.d.f:
    com.facebook.common.internal.ImmutableMap copyOf(java.util.Map) -> a
    java.util.Map of(java.lang.Object,java.lang.Object) -> a
    java.util.Map of(java.lang.Object,java.lang.Object,java.lang.Object,java.lang.Object) -> a
com.facebook.common.internal.Ints -> c.a.d.d.g:
    int max(int[]) -> a
com.facebook.common.internal.Objects -> c.a.d.d.h:
    boolean equal(java.lang.Object,java.lang.Object) -> a
    int hashCode(java.lang.Object[]) -> a
    java.lang.String simpleName(java.lang.Class) -> a
    com.facebook.common.internal.Objects$ToStringHelper toStringHelper(java.lang.Object) -> a
com.facebook.common.internal.Objects$1 -> c.a.d.d.h$a: